<?xml version="1.0" encoding="UTF-8"?>
<testsuite xmlns:xsi="http://www.w3.org/2001/XMLSchema-instance" xsi:noNamespaceSchemaLocation="https://maven.apache.org/surefire/maven-surefire-plugin/xsd/surefire-test-report.xsd" name="com.imoving.UI.runners.SmokeRunner" time="61.325" tests="1" errors="0" skipped="0" failures="1">
  <properties>
[...]
</properties>
  <testcase name="Verify user can add items to each room" classname="Home page functionalities" time="55.904">
    <failure type="org.opentest4j.AssertionFailedError:">org.opentest4j.AssertionFailedError: 
</failure>
    <system-out><![CDATA[
@2E2 @Smoke
Scenario: Verify user can add items to each room                                                         &amp#27;[90m# src/test/resources/features/HomePage.feature:18&amp#27;[0m
Driver is started
  &amp#27;[32mGiven &amp#27;[0m&amp#27;[32muser is on qa environment&amp#27;[0m                                                                        &amp#27;[90m# com.imoving.UI.stepDefs.HomePageSteps.user_is_on_qa_environment()&amp#27;[0m
  &amp#27;[32mGiven &amp#27;[0m&amp#27;[32muser clicks Moving Tab button&amp#27;[0m                                                                    &amp#27;[90m# com.imoving.UI.stepDefs.HomePageSteps.user_clicks_moving_tab_button()&amp#27;[0m
  &amp#27;[32mWhen &amp#27;[0m&amp#27;[32muser select &amp#27;[0m&amp#27;[32m&amp#27;[1m"My Apartment"&amp#27;[0m&amp#27;[32m in What are you moving drop down&amp#27;[0m                                       &amp#27;[90m# com.imoving.UI.stepDefs.HomePageSteps.user_select_in_what_are_you_moving_drop_down(java.lang.String)&amp#27;[0m
  &amp#27;[32mAnd &amp#27;[0m&amp#27;[32muser should select &amp#27;[0m&amp#27;[32m&amp#27;[1m"1 Bedroom (600-900 sq ft)"&amp#27;[0m&amp#27;[32m in Move Size drop down&amp#27;[0m                              &amp#27;[90m# com.imoving.UI.stepDefs.HomePageSteps.user_should_select_in_move_size_drop_down(java.lang.String)&amp#27;[0m
  &amp#27;[32mThen &amp#27;[0m&amp#27;[32muser should click on Compare Quotas button&amp#27;[0m                                                        &amp#27;[90m# com.imoving.UI.stepDefs.HomePageSteps.user_should_click_on_compare_quotas_button()&amp#27;[0m
  &amp#27;[32mThen &amp#27;[0m&amp#27;[32m&amp#27;[0m&amp#27;[32m&amp#27;[1m"These are recommended rooms for a"&amp#27;[0m&amp#27;[32m pop up should appear&amp#27;[0m                                          &amp#27;[90m# com.imoving.UI.stepDefs.HomePageSteps.pop_up_should_appear(java.lang.String)&amp#27;[0m
  &amp#27;[32mThen &amp#27;[0m&amp#27;[32muser clicks on Continue button in These are recommended rooms for a page&amp#27;[0m                          &amp#27;[90m# com.imoving.UI.stepDefs.HomePageSteps.user_clicks_on_continue_button_in_these_are_recommended_rooms_for_a_page()&amp#27;[0m
  &amp#27;[32mThen &amp#27;[0m&amp#27;[32mBoxes pop up should appear with &amp#27;[0m&amp#27;[32m&amp#27;[1m"GOT IT"&amp#27;[0m&amp#27;[32m button&amp#27;[0m                                                   &amp#27;[90m# com.imoving.UI.stepDefs.HomePageSteps.boxes_pop_up_should_appear_with_button(java.lang.String)&amp#27;[0m
  &amp#27;[32mWhen &amp#27;[0m&amp#27;[32muser clicks on GOT IT button in boxes pop up&amp#27;[0m                                                      &amp#27;[90m# com.imoving.UI.stepDefs.HomePageSteps.user_clicks_on_got_it_button_in_boxes_pop_up()&amp#27;[0m
  &amp#27;[32mThen &amp#27;[0m&amp#27;[32muser should see hint &amp#27;[0m&amp#27;[32m&amp#27;[1m"Here you can see all your rooms and start moving!"&amp#27;[0m                          &amp#27;[90m# com.imoving.UI.stepDefs.HomePageSteps.user_should_see_hint(java.lang.String)&amp#27;[0m
  &amp#27;[32mWhen &amp#27;[0m&amp#27;[32muser clicks to next button in Here you can see all your rooms and start moving&amp#27;[0m                    &amp#27;[90m# com.imoving.UI.stepDefs.HomePageSteps.user_clicks_to_next_button_in_here_you_can_see_all_your_rooms_and_start_moving()&amp#27;[0m
  &amp#27;[32mThen &amp#27;[0m&amp#27;[32muser see &amp#27;[0m&amp#27;[32m&amp#27;[1m"Here you can see inventory items for selected room!"&amp#27;[0m&amp#27;[32m hint&amp#27;[0m                               &amp#27;[90m# com.imoving.UI.stepDefs.HomePageSteps.user_see_hint(java.lang.String)&amp#27;[0m
  &amp#27;[32mThen &amp#27;[0m&amp#27;[32muser should click next button in Here you can see inventory items for selected room!&amp#27;[0m              &amp#27;[90m# com.imoving.UI.stepDefs.HomePageSteps.user_should_click_next_button_in_here_you_can_see_inventory_items_for_selected_room()&amp#27;[0m
  &amp#27;[32mThen &amp#27;[0m&amp#27;[32muser should see &amp#27;[0m&amp#27;[32m&amp#27;[1m"Press this button to save choosed items and move to the next room!"&amp#27;[0m              &amp#27;[90m# com.imoving.UI.stepDefs.HomePageSteps.user_should_see(java.lang.String)&amp#27;[0m
  &amp#27;[32mThen &amp#27;[0m&amp#27;[32muser should click ok button in Press this button to save choosed items and move to the next room!&amp#27;[0m &amp#27;[90m# com.imoving.UI.stepDefs.HomePageSteps.user_should_click_ok_button_in_press_this_button_to_save_choosed_items_and_move_to_the_next_room()&amp#27;[0m
  &amp#27;[32mThen &amp#27;[0m&amp#27;[32muser should click add to inventory sofa in living room&amp#27;[0m                                            &amp#27;[90m# com.imoving.UI.stepDefs.HomePageSteps.user_should_click_add_to_inventory_sofa_in_living_room()&amp#27;[0m
  &amp#27;[32mThen &amp#27;[0m&amp#27;[32muser should click add to inventory TV in Living room&amp#27;[0m                                              &amp#27;[90m# com.imoving.UI.stepDefs.HomePageSteps.user_should_click_add_to_inventory_tv_in_living_room()&amp#27;[0m
  &amp#27;[32mThen &amp#27;[0m&amp#27;[32muser should click to save and go to next in Living room&amp#27;[0m                                           &amp#27;[90m# com.imoving.UI.stepDefs.HomePageSteps.user_should_click_to_save_and_go_to_next_in_living_room()&amp#27;[0m
  &amp#27;[32mThen &amp#27;[0m&amp#27;[32muser should click add to inventory Kitchen/Dining Chairs in Dining room&amp#27;[0m                           &amp#27;[90m# com.imoving.UI.stepDefs.HomePageSteps.user_should_click_add_to_inventory_kitchen_dining_chairs_in_dining_room()&amp#27;[0m
  &amp#27;[32mThen &amp#27;[0m&amp#27;[32muser should click add to inventory Kitchen/Dining Table in Dining room&amp#27;[0m                            &amp#27;[90m# com.imoving.UI.stepDefs.HomePageSteps.user_should_click_add_to_inventory_kitchen_dining_table_in_dining_room()&amp#27;[0m
  &amp#27;[32mThen &amp#27;[0m&amp#27;[32muser should click to save and go to next in Dining room&amp#27;[0m                                           &amp#27;[90m# com.imoving.UI.stepDefs.HomePageSteps.user_should_click_to_save_and_go_to_next_in_dining_room()&amp#27;[0m
  &amp#27;[32mThen &amp#27;[0m&amp#27;[32muser should click add to inventory Kitchen/Dining Chairs in Kitchen&amp#27;[0m                               &amp#27;[90m# com.imoving.UI.stepDefs.HomePageSteps.user_should_click_add_to_inventory_kitchen_dining_chairs_in_kitchen()&amp#27;[0m
  &amp#27;[32mThen &amp#27;[0m&amp#27;[32muser should click add to inventory Kitchen/Dining Table in Kitchen&amp#27;[0m                                &amp#27;[90m# com.imoving.UI.stepDefs.HomePageSteps.user_should_click_add_to_inventory_kitchen_dining_table_in_kitchen()&amp#27;[0m
  &amp#27;[32mThen &amp#27;[0m&amp#27;[32muser should click to save and go to next in Kitchen&amp#27;[0m                                               &amp#27;[90m# com.imoving.UI.stepDefs.HomePageSteps.user_should_click_to_save_and_go_to_next_in_kitchen()&amp#27;[0m
  &amp#27;[32mThen &amp#27;[0m&amp#27;[32muser should click add to inventory dresser in Bedroom&amp#27;[0m                                             &amp#27;[90m# com.imoving.UI.stepDefs.HomePageSteps.user_should_click_add_to_inventory_dresser_in_bedroom()&amp#27;[0m
  &amp#27;[32mThen &amp#27;[0m&amp#27;[32muser should click add to inventory bed in Bedroom&amp#27;[0m                                                 &amp#27;[90m# com.imoving.UI.stepDefs.HomePageSteps.user_should_click_add_to_inventory_bed_in_bedroom()&amp#27;[0m
  &amp#27;[32mThen &amp#27;[0m&amp#27;[32muser should click to save and go to next in Bedroom&amp#27;[0m                                               &amp#27;[90m# com.imoving.UI.stepDefs.HomePageSteps.user_should_click_to_save_and_go_to_next_in_bedroom()&amp#27;[0m
  &amp#27;[32mThen &amp#27;[0m&amp#27;[32muser should see Box Calculator text&amp#27;[0m                                                               &amp#27;[90m# com.imoving.UI.stepDefs.HomePageSteps.user_should_see_box_calculator_text()&amp#27;[0m
  &amp#27;[32mThen &amp#27;[0m&amp#27;[32muser should click Add and Continue&amp#27;[0m                                                                &amp#27;[90m# com.imoving.UI.stepDefs.HomePageSteps.user_should_click_add_and_continue()&amp#27;[0m
  &amp#27;[31mThen &amp#27;[0m&amp#27;[31muser should see text &amp#27;[0m&amp#27;[31m&amp#27;[1m"You finished your inventory list."&amp#27;[0m                                          &amp#27;[90m# com.imoving.UI.stepDefs.HomePageSteps.user_should_see_text(java.lang.String)&amp#27;[0m
      &amp#27;[31morg.opentest4j.AssertionFailedError
	at org.junit.jupiter.api.AssertionUtils.fail(AssertionUtils.java:35)
	at org.junit.jupiter.api.Assertions.fail(Assertions.java:115)
	at com.imoving.UI.stepDefs.HomePageSteps.user_should_see_text(HomePageSteps.java:217)
	at ���.user should see text "You finished your inventory list."(file:///Users/admin/IdeaProjects/IMOVING/src/test/resources/features/HomePage.feature:47)
&amp#27;[0m
  &amp#27;[36mAnd &amp#27;[0m&amp#27;[36muser should enter zip code or adress to pick up from field&amp#27;[0m                                         &amp#27;[90m# com.imoving.UI.stepDefs.HomePageSteps.user_should_enter_zip_code_or_adress_to_pick_up_from_field()&amp#27;[0m
  &amp#27;[36mThen &amp#27;[0m&amp#27;[36muser should increase flight of stairs to &amp#27;[0m&amp#27;[36m&amp#27;[1m10&amp#27;[0m                                                       &amp#27;[90m# com.imoving.UI.stepDefs.HomePageSteps.user_should_increase_flight_of_stairs_to(int)&amp#27;[0m
  &amp#27;[36mAnd &amp#27;[0m&amp#27;[36muser should increase long carry foot to &amp#27;[0m&amp#27;[36m&amp#27;[1m5&amp#27;[0m                                                          &amp#27;[90m# com.imoving.UI.stepDefs.HomePageSteps.user_should_increase_long_carry_foot_to(int)&amp#27;[0m
  &amp#27;[36mThen &amp#27;[0m&amp#27;[36muser should switch elevator to yes&amp#27;[0m                                                                &amp#27;[90m# com.imoving.UI.stepDefs.HomePageSteps.user_should_switch_elevator_to_yes()&amp#27;[0m
  &amp#27;[36mThen &amp#27;[0m&amp#27;[36muser should switch Need shuttle to yes&amp#27;[0m                                                            &amp#27;[90m# com.imoving.UI.stepDefs.HomePageSteps.user_should_switch_need_shuttle_to_yes()&amp#27;[0m
  &amp#27;[36mThen &amp#27;[0m&amp#27;[36muser should enter address instructions&amp#27;[0m                                                            &amp#27;[90m# com.imoving.UI.stepDefs.HomePageSteps.user_should_enter_address_instructions()&amp#27;[0m
  &amp#27;[36mThen &amp#27;[0m&amp#27;[36muser should click Approve button&amp#27;[0m                                                                  &amp#27;[90m# com.imoving.UI.stepDefs.HomePageSteps.user_should_click_approve_button()&amp#27;[0m
  &amp#27;[36mThen &amp#27;[0m&amp#27;[36muser should enter zip code or adress to Dropp of at field&amp#27;[0m                                         &amp#27;[90m# com.imoving.UI.stepDefs.HomePageSteps.user_should_enter_zip_code_or_adress_to_dropp_of_at_field()&amp#27;[0m
  &amp#27;[36mThen &amp#27;[0m&amp#27;[36muser should should increase flight of stairs to &amp#27;[0m&amp#27;[36m&amp#27;[1m15&amp#27;[0m                                                &amp#27;[90m# com.imoving.UI.stepDefs.HomePageSteps.user_should_should_increase_flight_of_stairs_to(java.lang.Integer)&amp#27;[0m
  &amp#27;[36mAnd &amp#27;[0m&amp#27;[36muser should increase long carry foot to &amp#27;[0m&amp#27;[36m&amp#27;[1m3&amp#27;[0m&amp#27;[36m at Dropp of at&amp#27;[0m                                           &amp#27;[90m# com.imoving.UI.stepDefs.HomePageSteps.user_should_increase_long_carry_foot_to_at_dropp_of_at(int)&amp#27;[0m
  &amp#27;[36mThen &amp#27;[0m&amp#27;[36muser should switch elevator to yes at Dropp of at&amp#27;[0m                                                 &amp#27;[90m# com.imoving.UI.stepDefs.HomePageSteps.user_should_switch_elevator_to_yes_at_dropp_of_at()&amp#27;[0m
  &amp#27;[36mThen &amp#27;[0m&amp#27;[36muser should switch Need shuttle to yes at Dropp of at&amp#27;[0m                                             &amp#27;[90m# com.imoving.UI.stepDefs.HomePageSteps.user_should_switch_need_shuttle_to_yes_at_dropp_of_at()&amp#27;[0m
  &amp#27;[36mThen &amp#27;[0m&amp#27;[36muser should enter address instructions at Dropp of at&amp#27;[0m                                             &amp#27;[90m# com.imoving.UI.stepDefs.HomePageSteps.user_should_enter_address_instructions_at_dropp_of_at()&amp#27;[0m
  &amp#27;[36mThen &amp#27;[0m&amp#27;[36muser should click Approve button at Dropp of at&amp#27;[0m                                                   &amp#27;[90m# com.imoving.UI.stepDefs.HomePageSteps.user_should_click_approve_button_at_dropp_of_at()&amp#27;[0m
  &amp#27;[36mThen &amp#27;[0m&amp#27;[36muser should choose date&amp#27;[0m                                                                           &amp#27;[90m# com.imoving.UI.stepDefs.HomePageSteps.user_should_choose_date()&amp#27;[0m
  &amp#27;[36mThen &amp#27;[0m&amp#27;[36muser should choose &amp#27;[0m&amp#27;[36m&amp#27;[1m3&amp#27;[0m&amp#27;[36m days for flexible Date&amp#27;[0m                                                       &amp#27;[90m# com.imoving.UI.stepDefs.HomePageSteps.user_should_choose_days_for_flexible_date()&amp#27;[0m
  &amp#27;[36mThen &amp#27;[0m&amp#27;[36muser should choose the first available date in which you are able to receive your items&amp#27;[0m           &amp#27;[90m# com.imoving.UI.stepDefs.HomePageSteps.user_should_choose_the_first_available_date_in_which_you_are_able_to_receive_your_items()&amp#27;[0m
  &amp#27;[36mThen &amp#27;[0m&amp#27;[36muser should click confirm button&amp#27;[0m                                                                  &amp#27;[90m# com.imoving.UI.stepDefs.HomePageSteps.user_should_click_confirm_button()&amp#27;[0m
  &amp#27;[36mThen &amp#27;[0m&amp#27;[36muser should select Full Packing Service&amp#27;[0m                                                           &amp#27;[90m# com.imoving.UI.stepDefs.HomePageSteps.user_should_select_full_packing_service()&amp#27;[0m
  &amp#27;[36mThen &amp#27;[0m&amp#27;[36muser should click Choose Movers button&amp#27;[0m                                                            &amp#27;[90m# com.imoving.UI.stepDefs.HomePageSteps.user_should_click_choose_movers_button()&amp#27;[0m

    Embedding screenshot [image/png 323144 bytes]

]]></system-out>
    <system-err><![CDATA[SLF4J: Failed to load class "org.slf4j.impl.StaticLoggerBinder".
SLF4J: Defaulting to no-operation (NOP) logger implementation
SLF4J: See http://www.slf4j.org/codes.html#StaticLoggerBinder for further details.
Starting ChromeDriver 99.0.4844.51 (d537ec02474b5afe23684e7963d538896c63ac77-refs/branch-heads/4844@{#875}) on port 53240
Only local connections are allowed.
Please see https://chromedriver.chromium.org/security-considerations for suggestions on keeping ChromeDriver safe.
ChromeDriver was started successfully.
???. 21, 2022 12:55:02 PM org.openqa.selenium.remote.ProtocolHandshake createSession
INFO: Detected dialect: W3C
???. 21, 2022 12:55:02 PM org.openqa.selenium.devtools.CdpVersionFinder findNearestMatch
WARNING: Unable to find an exact match for CDP version 99, so returning the closest version found: 96
???. 21, 2022 12:55:02 PM org.openqa.selenium.devtools.CdpVersionFinder findNearestMatch
INFO: Found CDP implementation for version 99 of 96
]]></system-err>
  </testcase>
</testsuite>